2022-05-18 22:24 +08:00: Error: Invalid JSON RPC response: ""
2022-05-18 22:24 +08:00:     at Object.InvalidResponse (/root/zwj/Vii_FRAME/levelnft/node_modules/web3-core-helpers/lib/errors.js:43:16)
2022-05-18 22:24 +08:00:     at XMLHttpRequest.request.onreadystatechange (/root/zwj/Vii_FRAME/levelnft/node_modules/web3-providers-http/lib/index.js:95:32)
2022-05-18 22:24 +08:00:     at XMLHttpRequestEventTarget.dispatchEvent (/root/zwj/Vii_FRAME/levelnft/node_modules/xhr2-cookies/dist/xml-http-request-event-target.js:34:22)
2022-05-18 22:24 +08:00:     at XMLHttpRequest._setReadyState (/root/zwj/Vii_FRAME/levelnft/node_modules/xhr2-cookies/dist/xml-http-request.js:208:14)
2022-05-18 22:24 +08:00:     at XMLHttpRequest._onHttpRequestError (/root/zwj/Vii_FRAME/levelnft/node_modules/xhr2-cookies/dist/xml-http-request.js:349:14)
2022-05-18 22:24 +08:00:     at ClientRequest.<anonymous> (/root/zwj/Vii_FRAME/levelnft/node_modules/xhr2-cookies/dist/xml-http-request.js:252:61)
2022-05-18 22:24 +08:00:     at ClientRequest.emit (node:events:527:28)
2022-05-18 22:24 +08:00:     at TLSSocket.socketOnEnd (node:_http_client:478:9)
2022-05-18 22:24 +08:00:     at TLSSocket.emit (node:events:539:35)
2022-05-18 22:24 +08:00:     at endReadableNT (node:internal/streams/readable:1345:12)
2022-05-18 22:24 +08:00:     at processTicksAndRejections (node:internal/process/task_queues:83:21)
2022-05-18 23:48 +08:00: Error: Invalid JSON RPC response: ""
2022-05-18 23:48 +08:00:     at Object.InvalidResponse (/root/zwj/Vii_FRAME/levelnft/node_modules/web3-core-helpers/lib/errors.js:43:16)
2022-05-18 23:48 +08:00:     at XMLHttpRequest.request.onreadystatechange (/root/zwj/Vii_FRAME/levelnft/node_modules/web3-providers-http/lib/index.js:95:32)
2022-05-18 23:48 +08:00:     at XMLHttpRequestEventTarget.dispatchEvent (/root/zwj/Vii_FRAME/levelnft/node_modules/xhr2-cookies/dist/xml-http-request-event-target.js:34:22)
2022-05-18 23:48 +08:00:     at XMLHttpRequest._setReadyState (/root/zwj/Vii_FRAME/levelnft/node_modules/xhr2-cookies/dist/xml-http-request.js:208:14)
2022-05-18 23:48 +08:00:     at XMLHttpRequest._onHttpRequestError (/root/zwj/Vii_FRAME/levelnft/node_modules/xhr2-cookies/dist/xml-http-request.js:349:14)
2022-05-18 23:48 +08:00:     at ClientRequest.<anonymous> (/root/zwj/Vii_FRAME/levelnft/node_modules/xhr2-cookies/dist/xml-http-request.js:252:61)
2022-05-18 23:48 +08:00:     at ClientRequest.emit (node:events:527:28)
2022-05-18 23:48 +08:00:     at TLSSocket.socketOnEnd (node:_http_client:478:9)
2022-05-18 23:48 +08:00:     at TLSSocket.emit (node:events:539:35)
2022-05-18 23:48 +08:00:     at endReadableNT (node:internal/streams/readable:1345:12)
2022-05-18 23:48 +08:00:     at processTicksAndRejections (node:internal/process/task_queues:83:21)
2022-05-19 09:09 +08:00: Error: Invalid JSON RPC response: ""
2022-05-19 09:09 +08:00:     at Object.InvalidResponse (/root/zwj/Vii_FRAME/levelnft/node_modules/web3-core-helpers/lib/errors.js:43:16)
2022-05-19 09:09 +08:00:     at XMLHttpRequest.request.onreadystatechange (/root/zwj/Vii_FRAME/levelnft/node_modules/web3-providers-http/lib/index.js:95:32)
2022-05-19 09:09 +08:00:     at XMLHttpRequestEventTarget.dispatchEvent (/root/zwj/Vii_FRAME/levelnft/node_modules/xhr2-cookies/dist/xml-http-request-event-target.js:34:22)
2022-05-19 09:09 +08:00:     at XMLHttpRequest._setReadyState (/root/zwj/Vii_FRAME/levelnft/node_modules/xhr2-cookies/dist/xml-http-request.js:208:14)
2022-05-19 09:09 +08:00:     at XMLHttpRequest._onHttpRequestError (/root/zwj/Vii_FRAME/levelnft/node_modules/xhr2-cookies/dist/xml-http-request.js:349:14)
2022-05-19 09:09 +08:00:     at ClientRequest.<anonymous> (/root/zwj/Vii_FRAME/levelnft/node_modules/xhr2-cookies/dist/xml-http-request.js:252:61)
2022-05-19 09:09 +08:00:     at ClientRequest.emit (node:events:527:28)
2022-05-19 09:09 +08:00:     at TLSSocket.socketOnEnd (node:_http_client:478:9)
2022-05-19 09:09 +08:00:     at TLSSocket.emit (node:events:539:35)
2022-05-19 09:09 +08:00:     at endReadableNT (node:internal/streams/readable:1345:12)
2022-05-19 09:09 +08:00:     at processTicksAndRejections (node:internal/process/task_queues:83:21)
2022-05-19 10:58 +08:00: Error: Invalid JSON RPC response: ""
2022-05-19 10:58 +08:00:     at Object.InvalidResponse (/root/zwj/Vii_FRAME/levelnft/node_modules/web3-core-helpers/lib/errors.js:43:16)
2022-05-19 10:58 +08:00:     at XMLHttpRequest.request.onreadystatechange (/root/zwj/Vii_FRAME/levelnft/node_modules/web3-providers-http/lib/index.js:95:32)
2022-05-19 10:58 +08:00:     at XMLHttpRequestEventTarget.dispatchEvent (/root/zwj/Vii_FRAME/levelnft/node_modules/xhr2-cookies/dist/xml-http-request-event-target.js:34:22)
2022-05-19 10:58 +08:00:     at XMLHttpRequest._setReadyState (/root/zwj/Vii_FRAME/levelnft/node_modules/xhr2-cookies/dist/xml-http-request.js:208:14)
2022-05-19 10:58 +08:00:     at XMLHttpRequest._onHttpRequestError (/root/zwj/Vii_FRAME/levelnft/node_modules/xhr2-cookies/dist/xml-http-request.js:349:14)
2022-05-19 10:58 +08:00:     at ClientRequest.<anonymous> (/root/zwj/Vii_FRAME/levelnft/node_modules/xhr2-cookies/dist/xml-http-request.js:252:61)
2022-05-19 10:58 +08:00:     at ClientRequest.emit (node:events:527:28)
2022-05-19 10:58 +08:00:     at TLSSocket.socketOnEnd (node:_http_client:478:9)
2022-05-19 10:58 +08:00:     at TLSSocket.emit (node:events:539:35)
2022-05-19 10:58 +08:00:     at endReadableNT (node:internal/streams/readable:1345:12)
2022-05-19 10:58 +08:00:     at processTicksAndRejections (node:internal/process/task_queues:83:21)
